<?xml version="1.0" encoding="UTF-8"?>
<!-- Generated by org.testng.reporters.JUnitReportReporter -->
<testsuite hostname="LAPTOP-ADJS9N2Q" failures="0" tests="1" name="DifferentWaysToPostRequest.postProjectUsingJSONFile" time="1.056" errors="0" timestamp="2022-09-03T10:56:27 IST" skipped="0">
  <testcase classname="DifferentWaysToPostRequest.postProjectUsingJSONFile" name="postUsingJSONFile" time="1.056"/>
  <system-out/>
</testsuite> <!-- DifferentWaysToPostRequest.postProjectUsingJSONFile -->
