<?xml version="1.0" encoding="UTF-8"?>
<!-- Generated by org.testng.reporters.JUnitReportReporter -->
<testsuite hostname="LAPTOP-ADJS9N2Q" failures="0" tests="1" name="RequestChaining.requestChainingUpdate_Delete" time="1.465" errors="0" timestamp="2022-09-05T17:57:27 IST" skipped="0">
  <testcase classname="RequestChaining.requestChainingUpdate_Delete" name="requestChaining" time="1.465"/>
  <system-out/>
</testsuite> <!-- RequestChaining.requestChainingUpdate_Delete -->
