<?xml version="1.0" encoding="UTF-8"?>
<!-- Generated by org.testng.reporters.JUnitReportReporter -->
<testsuite hostname="LAPTOP-ADJS9N2Q" failures="0" tests="1" name="DifferentWaysToPostRequest.postProjectUsingPojoCLass" time="1.341" errors="0" timestamp="2022-09-02T17:14:02 IST" skipped="0">
  <testcase classname="DifferentWaysToPostRequest.postProjectUsingPojoCLass" name="postUsingPojo" time="1.341"/>
  <system-out/>
</testsuite> <!-- DifferentWaysToPostRequest.postProjectUsingPojoCLass -->
