<?xml version="1.0" encoding="UTF-8"?>
<!-- Generated by org.testng.reporters.JUnitReportReporter -->
<testsuite hostname="LAPTOP-ADJS9N2Q" failures="0" tests="1" name="reqresAssignments.PutOperationInReqres" time="2.264" errors="0" timestamp="2022-09-05T11:06:59 IST" skipped="0">
  <testcase classname="reqresAssignments.PutOperationInReqres" name="putOperation" time="2.264"/>
  <system-out/>
</testsuite> <!-- reqresAssignments.PutOperationInReqres -->
