<?xml version="1.0" encoding="UTF-8"?>
<!-- Generated by org.testng.reporters.JUnitReportReporter -->
<testsuite hostname="LAPTOP-ADJS9N2Q" failures="0" tests="1" name="DifferentWaysToPostRequest.PostProjectUsingHashMap" time="1.305" errors="0" timestamp="2022-09-03T10:54:02 IST" skipped="0">
  <testcase classname="DifferentWaysToPostRequest.PostProjectUsingHashMap" name="postUsingHasMap" time="1.305"/>
  <system-out/>
</testsuite> <!-- DifferentWaysToPostRequest.PostProjectUsingHashMap -->
