<?xml version="1.0" encoding="UTF-8"?>
<!-- Generated by org.testng.reporters.JUnitReportReporter -->
<testsuite hostname="LAPTOP-ADJS9N2Q" failures="0" tests="1" name="Authentcation.Oauth2_0" time="4.589" errors="0" timestamp="2022-09-07T15:10:49 IST" skipped="0">
  <testcase classname="Authentcation.Oauth2_0" name="oauthAuthentication" time="4.589"/>
  <system-out/>
</testsuite> <!-- Authentcation.Oauth2_0 -->
