<?xml version="1.0" encoding="UTF-8"?>
<!-- Generated by org.testng.reporters.JUnitReportReporter -->
<testsuite hostname="LAPTOP-ADJS9N2Q" failures="0" tests="4" name="DifferentWaysToPostRequest.postProjectUsingExcelWithDataProvider" time="1.423" errors="0" timestamp="2022-09-04T21:13:16 IST" skipped="0">
  <testcase classname="DifferentWaysToPostRequest.postProjectUsingExcelWithDataProvider" name="createProjectTest" time="0.021"/>
  <system-out/>
  <testcase classname="DifferentWaysToPostRequest.postProjectUsingExcelWithDataProvider" name="createProjectTest" time="0.026"/>
  <system-out/>
  <testcase classname="DifferentWaysToPostRequest.postProjectUsingExcelWithDataProvider" name="createProjectTest" time="1.350"/>
  <system-out/>
  <testcase classname="DifferentWaysToPostRequest.postProjectUsingExcelWithDataProvider" name="createProjectTest" time="0.026"/>
  <system-out/>
</testsuite> <!-- DifferentWaysToPostRequest.postProjectUsingExcelWithDataProvider -->
