<?xml version="1.0" encoding="UTF-8"?>
<!-- Generated by org.testng.reporters.JUnitReportReporter -->
<testsuite hostname="LAPTOP-ADJS9N2Q" failures="0" tests="4" name="dataDrivenTesting.createMultipleProjectUsingDataProvider" time="1.198" errors="0" timestamp="2022-09-03T12:42:35 IST" skipped="0">
  <testcase classname="dataDrivenTesting.createMultipleProjectUsingDataProvider" name="createProject" time="0.025"/>
  <system-out/>
  <testcase classname="dataDrivenTesting.createMultipleProjectUsingDataProvider" name="createProject" time="0.028"/>
  <system-out/>
  <testcase classname="dataDrivenTesting.createMultipleProjectUsingDataProvider" name="createProject" time="0.026"/>
  <system-out/>
  <testcase classname="dataDrivenTesting.createMultipleProjectUsingDataProvider" name="createProject" time="1.119"/>
  <system-out/>
</testsuite> <!-- dataDrivenTesting.createMultipleProjectUsingDataProvider -->
