<?xml version="1.0" encoding="UTF-8"?>
<!-- Generated by org.testng.reporters.JUnitReportReporter -->
<testsuite hostname="LAPTOP-ADJS9N2Q" failures="0" tests="1" name="CruudOperationsWithoutBDD.getProjectIDWithoutBdd" time="1.118" errors="0" timestamp="2022-09-01T17:38:13 IST" skipped="0">
  <testcase classname="CruudOperationsWithoutBDD.getProjectIDWithoutBdd" name="getProjectId" time="1.118"/>
  <system-out/>
</testsuite> <!-- CruudOperationsWithoutBDD.getProjectIDWithoutBdd -->
