<?xml version="1.0" encoding="UTF-8"?>
<!-- Generated by org.testng.reporters.JUnitReportReporter -->
<testsuite hostname="LAPTOP-ADJS9N2Q" failures="0" tests="1" name="Assertion_Validations.staticResponseValidationGet" time="1.169" errors="0" timestamp="2022-09-05T13:27:59 IST" skipped="0">
  <testcase classname="Assertion_Validations.staticResponseValidationGet" name="staticvalidationGet" time="1.169"/>
  <system-out/>
</testsuite> <!-- Assertion_Validations.staticResponseValidationGet -->
