<?xml version="1.0" encoding="UTF-8"?>
<!-- Generated by org.testng.reporters.JUnitReportReporter -->
<testsuite hostname="LAPTOP-ADJS9N2Q" failures="0" tests="1" name="CruudOperationsWithoutBDD.updateProjectWithoutBdd" time="2.279" errors="0" timestamp="2022-09-01T22:33:40 IST" skipped="0">
  <testcase classname="CruudOperationsWithoutBDD.updateProjectWithoutBdd" name="updateProject" time="2.279"/>
  <system-out/>
</testsuite> <!-- CruudOperationsWithoutBDD.updateProjectWithoutBdd -->
