<?xml version="1.0" encoding="UTF-8"?>
<!-- Generated by org.testng.reporters.JUnitReportReporter -->
<testsuite hostname="LAPTOP-ADJS9N2Q" failures="0" tests="1" name="Assertion_Validations.timeValidationUsingHamcrest" time="1.421" errors="0" timestamp="2022-09-05T17:11:10 IST" skipped="0">
  <testcase classname="Assertion_Validations.timeValidationUsingHamcrest" name="timeValidation" time="1.421"/>
  <system-out/>
</testsuite> <!-- Assertion_Validations.timeValidationUsingHamcrest -->
