<?xml version="1.0" encoding="UTF-8"?>
<!-- Generated by org.testng.reporters.JUnitReportReporter -->
<testsuite hostname="LAPTOP-ADJS9N2Q" failures="0" tests="1" name="CRUDOperationWithGenericUtility.postMethodUsingGenericUtility" time="1.245" errors="0" timestamp="2022-09-07T15:53:31 IST" skipped="0">
  <testcase classname="CRUDOperationWithGenericUtility.postMethodUsingGenericUtility" name="post" time="1.245"/>
  <system-out/>
</testsuite> <!-- CRUDOperationWithGenericUtility.postMethodUsingGenericUtility -->
