<?xml version="1.0" encoding="UTF-8"?>
<!-- Generated by org.testng.reporters.JUnitReportReporter -->
<testsuite hostname="LAPTOP-ADJS9N2Q" failures="0" tests="1" name="RequestChaining.requestChainingGetDelete" time="1.380" errors="0" timestamp="2022-09-05T22:29:07 IST" skipped="0">
  <testcase classname="RequestChaining.requestChainingGetDelete" name="getDelete" time="1.380"/>
  <system-out/>
</testsuite> <!-- RequestChaining.requestChainingGetDelete -->
