<?xml version="1.0" encoding="UTF-8"?>
<!-- Generated by org.testng.reporters.JUnitReportReporter -->
<testsuite hostname="LAPTOP-ADJS9N2Q" failures="0" tests="1" name="CRUDOperationAndVerifyInDatabase.PutOperationAndVerifyInDB" time="1.418" errors="0" timestamp="2022-09-06T10:28:42 IST" skipped="0">
  <testcase classname="CRUDOperationAndVerifyInDatabase.PutOperationAndVerifyInDB" name="PutAndIverifyInDB" time="1.418"/>
  <system-out/>
</testsuite> <!-- CRUDOperationAndVerifyInDatabase.PutOperationAndVerifyInDB -->
