<?xml version="1.0" encoding="UTF-8"?>
<!-- Generated by org.testng.reporters.JUnitReportReporter -->
<testsuite hostname="LAPTOP-ADJS9N2Q" failures="0" tests="3" name="Authentcation.BasicAuth" time="1.269" errors="0" timestamp="2022-09-06T12:36:26 IST" skipped="0">
  <testcase classname="Authentcation.BasicAuth" name="basicDigestiveAuth" time="0.085"/>
  <system-out/>
  <testcase classname="Authentcation.BasicAuth" name="basicpreEmptiveAuth" time="0.101"/>
  <system-out/>
  <testcase classname="Authentcation.BasicAuth" name="BasicAuthentication" time="1.083"/>
  <system-out/>
</testsuite> <!-- Authentcation.BasicAuth -->
