<?xml version="1.0" encoding="UTF-8"?>
<!-- Generated by org.testng.reporters.JUnitReportReporter -->
<testsuite hostname="LAPTOP-ADJS9N2Q" failures="0" tests="1" name="reqresAssignments.deleteOperationInReqres" time="2.937" errors="0" timestamp="2022-09-05T11:31:24 IST" skipped="0">
  <testcase classname="reqresAssignments.deleteOperationInReqres" name="deleteOperation" time="2.937"/>
  <system-out/>
</testsuite> <!-- reqresAssignments.deleteOperationInReqres -->
