<?xml version="1.0" encoding="UTF-8"?>
<!-- Generated by org.testng.reporters.JUnitReportReporter -->
<testsuite hostname="LAPTOP-ADJS9N2Q" failures="0" tests="1" name="CruudOperationsWithoutBDD.getProjectWithoutBDD" time="0.998" errors="0" timestamp="2022-09-01T17:22:09 IST" skipped="0">
  <testcase classname="CruudOperationsWithoutBDD.getProjectWithoutBDD" name="getProject" time="0.998"/>
  <system-out/>
</testsuite> <!-- CruudOperationsWithoutBDD.getProjectWithoutBDD -->
