<?xml version="1.0" encoding="UTF-8"?>
<!-- Generated by org.testng.reporters.JUnitReportReporter -->
<testsuite hostname="LAPTOP-ADJS9N2Q" failures="0" tests="1" name="Assertion_Validations.dynamicResponseValidationGet" time="1.259" errors="0" timestamp="2022-09-05T15:12:50 IST" skipped="0">
  <testcase classname="Assertion_Validations.dynamicResponseValidationGet" name="dynamicValidation" time="1.259"/>
  <system-out/>
</testsuite> <!-- Assertion_Validations.dynamicResponseValidationGet -->
