<?xml version="1.0" encoding="UTF-8"?>
<!-- Generated by org.testng.reporters.JUnitReportReporter -->
<testsuite hostname="LAPTOP-ADJS9N2Q" failures="0" tests="1" name="crudOperationwithBDD.viewAllProject" time="1.067" errors="0" timestamp="2022-09-02T17:11:42 IST" skipped="0">
  <testcase classname="crudOperationwithBDD.viewAllProject" name="getAll" time="1.067"/>
  <system-out/>
</testsuite> <!-- crudOperationwithBDD.viewAllProject -->
