<?xml version="1.0" encoding="UTF-8"?>
<!-- Generated by org.testng.reporters.JUnitReportReporter -->
<testsuite hostname="LAPTOP-ADJS9N2Q" failures="0" tests="1" name="reqresAssignments.PostOperationInReqres" time="2.456" errors="0" timestamp="2022-09-05T11:41:42 IST" skipped="0">
  <testcase classname="reqresAssignments.PostOperationInReqres" name="putData" time="2.456"/>
  <system-out/>
</testsuite> <!-- reqresAssignments.PostOperationInReqres -->
