<?xml version="1.0" encoding="UTF-8"?>
<!-- Generated by org.testng.reporters.JUnitReportReporter -->
<testsuite hostname="LAPTOP-ADJS9N2Q" failures="0" tests="1" name="crudOperationwithBDD.ReadProject" time="1.064" errors="0" timestamp="2022-09-02T15:40:26 IST" skipped="0">
  <testcase classname="crudOperationwithBDD.ReadProject" name="getProject" time="1.064"/>
  <system-out/>
</testsuite> <!-- crudOperationwithBDD.ReadProject -->
