<?xml version="1.0" encoding="UTF-8"?>
<!-- Generated by org.testng.reporters.JUnitReportReporter -->
<testsuite hostname="LAPTOP-ADJS9N2Q" failures="0" tests="1" name="RequestChaining.requestChainingPostDelete" time="1.543" errors="0" timestamp="2022-09-05T17:34:39 IST" skipped="0">
  <testcase classname="RequestChaining.requestChainingPostDelete" name="requestChaining" time="1.543"/>
  <system-out/>
</testsuite> <!-- RequestChaining.requestChainingPostDelete -->
