<?xml version="1.0" encoding="UTF-8"?>
<!-- Generated by org.testng.reporters.JUnitReportReporter -->
<testsuite hostname="LAPTOP-ADJS9N2Q" failures="0" tests="1" name="crudOperationwithBDD.createNewProject" time="1.416" errors="0" timestamp="2022-09-02T15:35:57 IST" skipped="0">
  <testcase classname="crudOperationwithBDD.createNewProject" name="create" time="1.416"/>
  <system-out/>
</testsuite> <!-- crudOperationwithBDD.createNewProject -->
