<?xml version="1.0" encoding="UTF-8"?>
<!-- Generated by org.testng.reporters.JUnitReportReporter -->
<testsuite hostname="LAPTOP-ADJS9N2Q" failures="0" tests="1" name="DifferentWaysToPostRequest.PostProjectUsingJSONObject" time="1.228" errors="0" timestamp="2022-09-02T17:22:14 IST" skipped="0">
  <testcase classname="DifferentWaysToPostRequest.PostProjectUsingJSONObject" name="postProject" time="1.228"/>
  <system-out/>
</testsuite> <!-- DifferentWaysToPostRequest.PostProjectUsingJSONObject -->
