<?xml version="1.0" encoding="UTF-8"?>
<!-- Generated by org.testng.reporters.JUnitReportReporter -->
<testsuite hostname="LAPTOP-ADJS9N2Q" failures="0" tests="1" name="reqresAssignments.getOPeration2" time="2.150" errors="0" timestamp="2022-09-05T11:31:48 IST" skipped="0">
  <testcase classname="reqresAssignments.getOPeration2" name="getOperation" time="2.150"/>
  <system-out/>
</testsuite> <!-- reqresAssignments.getOPeration2 -->
