<?xml version="1.0" encoding="UTF-8"?>
<!-- Generated by org.testng.reporters.JUnitReportReporter -->
<testsuite hostname="LAPTOP-ADJS9N2Q" failures="0" tests="1" name="CruudOperationsWithoutBDD.deleteProjectWithoutBDD" time="1.741" errors="0" timestamp="2022-09-01T22:41:32 IST" skipped="0">
  <testcase classname="CruudOperationsWithoutBDD.deleteProjectWithoutBDD" name="deleteProject" time="1.741"/>
  <system-out/>
</testsuite> <!-- CruudOperationsWithoutBDD.deleteProjectWithoutBDD -->
