<?xml version="1.0" encoding="UTF-8"?>
<!-- Generated by org.testng.reporters.JUnitReportReporter -->
<testsuite hostname="LAPTOP-ADJS9N2Q" failures="0" tests="1" name="crudOperationwithBDD.deleteProject" time="0.966" errors="0" timestamp="2022-09-02T15:52:05 IST" skipped="0">
  <testcase classname="crudOperationwithBDD.deleteProject" name="delete" time="0.966"/>
  <system-out/>
</testsuite> <!-- crudOperationwithBDD.deleteProject -->
